{"numFailedTestSuites":1,"numFailedTests":1,"numPassedTestSuites":35,"numPassedTests":529,"numPendingTestSuites":2,"numPendingTests":51,"numRuntimeErrorTestSuites":0,"numTodoTests":0,"numTotalTestSuites":38,"numTotalTests":581,"openHandles":[],"snapshot":{"added":0,"didUpdate":false,"failure":false,"filesAdded":0,"filesRemoved":0,"filesRemovedList":[],"filesUnmatched":0,"filesUpdated":0,"matched":0,"total":0,"unchecked":0,"uncheckedKeysByFile":[],"unmatched":0,"updated":0},"startTime":1752645687168,"success":false,"testResults":[{"assertionResults":[{"ancestorTitles":["AuditLogger"],"duration":null,"failing":false,"failureDetails":[],"failureMessages":[],"fullName":"AuditLogger placeholder","invocations":1,"location":null,"numPassingAsserts":0,"retryReasons":[],"startAt":1752645689343,"status":"pending","title":"placeholder"}],"coverage":{},"endTime":1752645696752,"message":"","name":"/Users/taaliman/projects/xec-sh/xec/packages/ush/test/unit/utils/audit-logger.test.ts","startTime":1752645696752,"status":"skipped","summary":""},{"assertionResults":[{"ancestorTitles":["DockerAdapter","Availability"],"duration":null,"failing":false,"failureDetails":[],"failureMessages":[],"fullName":"DockerAdapter Availability should be available when docker CLI exists","invocations":1,"location":null,"numPassingAsserts":0,"retryReasons":[],"startAt":1752645689554,"status":"pending","title":"should be available when docker CLI exists"},{"ancestorTitles":["DockerAdapter","Availability"],"duration":76,"failing":false,"failureDetails":[],"failureMessages":[],"fullName":"DockerAdapter Availability should not be available when docker CLI is missing","invocations":1,"location":null,"numPassingAsserts":1,"retryReasons":[],"startAt":1752645689554,"status":"passed","title":"should not be available when docker CLI is missing"},{"ancestorTitles":["DockerAdapter","Basic command execution"],"duration":null,"failing":false,"failureDetails":[],"failureMessages":[],"fullName":"DockerAdapter Basic command execution should execute commands in Docker container","invocations":1,"location":null,"numPassingAsserts":0,"retryReasons":[],"startAt":1752645689631,"status":"pending","title":"should execute commands in Docker container"},{"ancestorTitles":["DockerAdapter","Basic command execution"],"duration":12,"failing":false,"failureDetails":[],"failureMessages":[],"fullName":"DockerAdapter Basic command execution should fail without Docker options","invocations":1,"location":null,"numPassingAsserts":1,"retryReasons":[],"startAt":1752645689631,"status":"passed","title":"should fail without Docker options"},{"ancestorTitles":["DockerAdapter","Basic command execution"],"duration":null,"failing":false,"failureDetails":[],"failureMessages":[],"fullName":"DockerAdapter Basic command execution should handle non-existent container","invocations":1,"location":null,"numPassingAsserts":0,"retryReasons":[],"startAt":1752645689643,"status":"pending","title":"should handle non-existent container"},{"ancestorTitles":["DockerAdapter","Basic command execution"],"duration":null,"failing":false,"failureDetails":[],"failureMessages":[],"fullName":"DockerAdapter Basic command execution should handle command failures","invocations":1,"location":null,"numPassingAsserts":0,"retryReasons":[],"startAt":1752645689643,"status":"pending","title":"should handle command failures"},{"ancestorTitles":["DockerAdapter","Basic command execution"],"duration":null,"failing":false,"failureDetails":[],"failureMessages":[],"fullName":"DockerAdapter Basic command execution should capture stderr output","invocations":1,"location":null,"numPassingAsserts":0,"retryReasons":[],"startAt":1752645689643,"status":"pending","title":"should capture stderr output"},{"ancestorTitles":["DockerAdapter","Docker exec options"],"duration":null,"failing":false,"failureDetails":[],"failureMessages":[],"fullName":"DockerAdapter Docker exec options should use custom user","invocations":1,"location":null,"numPassingAsserts":0,"retryReasons":[],"startAt":1752645689643,"status":"pending","title":"should use custom user"},{"ancestorTitles":["DockerAdapter","Docker exec options"],"duration":null,"failing":false,"failureDetails":[],"failureMessages":[],"fullName":"DockerAdapter Docker exec options should set working directory","invocations":1,"location":null,"numPassingAsserts":0,"retryReasons":[],"startAt":1752645689643,"status":"pending","title":"should set working directory"},{"ancestorTitles":["DockerAdapter","Docker exec options"],"duration":null,"failing":false,"failureDetails":[],"failureMessages":[],"fullName":"DockerAdapter Docker exec options should pass environment variables","invocations":1,"location":null,"numPassingAsserts":0,"retryReasons":[],"startAt":1752645689643,"status":"pending","title":"should pass environment variables"},{"ancestorTitles":["DockerAdapter","Docker exec options"],"duration":null,"failing":false,"failureDetails":[],"failureMessages":[],"fullName":"DockerAdapter Docker exec options should handle TTY option","invocations":1,"location":null,"numPassingAsserts":0,"retryReasons":[],"startAt":1752645689643,"status":"pending","title":"should handle TTY option"},{"ancestorTitles":["DockerAdapter","Docker exec options"],"duration":null,"failing":false,"failureDetails":[],"failureMessages":[],"fullName":"DockerAdapter Docker exec options should handle custom exec options from config","invocations":1,"location":null,"numPassingAsserts":0,"retryReasons":[],"startAt":1752645689643,"status":"pending","title":"should handle custom exec options from config"},{"ancestorTitles":["DockerAdapter","Input/Output handling"],"duration":null,"failing":false,"failureDetails":[],"failureMessages":[],"fullName":"DockerAdapter Input/Output handling should handle stdin input","invocations":1,"location":null,"numPassingAsserts":0,"retryReasons":[],"startAt":1752645689643,"status":"pending","title":"should handle stdin input"},{"ancestorTitles":["DockerAdapter","Input/Output handling"],"duration":null,"failing":false,"failureDetails":[],"failureMessages":[],"fullName":"DockerAdapter Input/Output handling should handle large output","invocations":1,"location":null,"numPassingAsserts":0,"retryReasons":[],"startAt":1752645689643,"status":"pending","title":"should handle large output"},{"ancestorTitles":["DockerAdapter","Input/Output handling"],"duration":null,"failing":false,"failureDetails":[],"failureMessages":[],"fullName":"DockerAdapter Input/Output handling should handle command with shell","invocations":1,"location":null,"numPassingAsserts":0,"retryReasons":[],"startAt":1752645689643,"status":"pending","title":"should handle command with shell"},{"ancestorTitles":["DockerAdapter","Error handling"],"duration":19,"failing":false,"failureDetails":[],"failureMessages":[],"fullName":"DockerAdapter Error handling should throw DockerError with throwOnNonZeroExit enabled","invocations":1,"location":null,"numPassingAsserts":1,"retryReasons":[],"startAt":1752645689643,"status":"passed","title":"should throw DockerError with throwOnNonZeroExit enabled"},{"ancestorTitles":["DockerAdapter","Error handling"],"duration":null,"failing":false,"failureDetails":[],"failureMessages":[],"fullName":"DockerAdapter Error handling should handle process spawn errors","invocations":1,"location":null,"numPassingAsserts":0,"retryReasons":[],"startAt":1752645689662,"status":"pending","title":"should handle process spawn errors"},{"ancestorTitles":["DockerAdapter","Error handling"],"duration":null,"failing":false,"failureDetails":[],"failureMessages":[],"fullName":"DockerAdapter Error handling should handle timeout","invocations":1,"location":null,"numPassingAsserts":0,"retryReasons":[],"startAt":1752645689662,"status":"pending","title":"should handle timeout"},{"ancestorTitles":["DockerAdapter","Error handling"],"duration":null,"failing":false,"failureDetails":[],"failureMessages":[],"fullName":"DockerAdapter Error handling should handle abort signal","invocations":1,"location":null,"numPassingAsserts":0,"retryReasons":[],"startAt":1752645689662,"status":"pending","title":"should handle abort signal"},{"ancestorTitles":["DockerAdapter","Configuration"],"duration":null,"failing":false,"failureDetails":[],"failureMessages":[],"fullName":"DockerAdapter Configuration should use custom docker path","invocations":1,"location":null,"numPassingAsserts":0,"retryReasons":[],"startAt":1752645689662,"status":"pending","title":"should use custom docker path"},{"ancestorTitles":["DockerAdapter","Configuration"],"duration":null,"failing":false,"failureDetails":[],"failureMessages":[],"fullName":"DockerAdapter Configuration should apply default exec options","invocations":1,"location":null,"numPassingAsserts":0,"retryReasons":[],"startAt":1752645689662,"status":"pending","title":"should apply default exec options"}],"endTime":1752645689663,"message":"","name":"/Users/taaliman/projects/xec-sh/xec/packages/ush/test/unit/adapters/docker-adapter.test.ts","startTime":1752645687373,"status":"focused","summary":""},{"assertionResults":[{"ancestorTitles":["Transfer Utils","TransferEngine","parseEnvironment"],"duration":2,"failing":false,"failureDetails":[],"failureMessages":[],"fullName":"Transfer Utils TransferEngine parseEnvironment should parse local paths","invocations":1,"location":null,"numPassingAsserts":2,"retryReasons":[],"startAt":1752645690027,"status":"passed","title":"should parse local paths"},{"ancestorTitles":["Transfer Utils","TransferEngine","parseEnvironment"],"duration":1,"failing":false,"failureDetails":[],"failureMessages":[],"fullName":"Transfer Utils TransferEngine parseEnvironment should parse SSH URLs","invocations":1,"location":null,"numPassingAsserts":4,"retryReasons":[],"startAt":1752645690029,"status":"passed","title":"should parse SSH URLs"},{"ancestorTitles":["Transfer Utils","TransferEngine","parseEnvironment"],"duration":0,"failing":false,"failureDetails":[],"failureMessages":[],"fullName":"Transfer Utils TransferEngine parseEnvironment should parse Docker URLs","invocations":1,"location":null,"numPassingAsserts":3,"retryReasons":[],"startAt":1752645690030,"status":"passed","title":"should parse Docker URLs"},{"ancestorTitles":["Transfer Utils","TransferEngine","parseEnvironment"],"duration":0,"failing":false,"failureDetails":[],"failureMessages":[],"fullName":"Transfer Utils TransferEngine parseEnvironment should handle SSH URLs without user","invocations":1,"location":null,"numPassingAsserts":4,"retryReasons":[],"startAt":1752645690030,"status":"passed","title":"should handle SSH URLs without user"},{"ancestorTitles":["Transfer Utils","TransferEngine","parseEnvironment"],"duration":1,"failing":false,"failureDetails":[],"failureMessages":[],"fullName":"Transfer Utils TransferEngine parseEnvironment should handle Docker URLs with root path","invocations":1,"location":null,"numPassingAsserts":3,"retryReasons":[],"startAt":1752645690030,"status":"passed","title":"should handle Docker URLs with root path"},{"ancestorTitles":["Transfer Utils","TransferEngine","API"],"duration":0,"failing":false,"failureDetails":[],"failureMessages":[],"fullName":"Transfer Utils TransferEngine API should expose copy method","invocations":1,"location":null,"numPassingAsserts":2,"retryReasons":[],"startAt":1752645690031,"status":"passed","title":"should expose copy method"},{"ancestorTitles":["Transfer Utils","TransferEngine","API"],"duration":0,"failing":false,"failureDetails":[],"failureMessages":[],"fullName":"Transfer Utils TransferEngine API should expose move method","invocations":1,"location":null,"numPassingAsserts":2,"retryReasons":[],"startAt":1752645690031,"status":"passed","title":"should expose move method"},{"ancestorTitles":["Transfer Utils","TransferEngine","API"],"duration":0,"failing":false,"failureDetails":[],"failureMessages":[],"fullName":"Transfer Utils TransferEngine API should expose sync method","invocations":1,"location":null,"numPassingAsserts":2,"retryReasons":[],"startAt":1752645690031,"status":"passed","title":"should expose sync method"}],"endTime":1752645690032,"message":"","name":"/Users/taaliman/projects/xec-sh/xec/packages/ush/test/unit/utils/transfer.test.ts","startTime":1752645687383,"status":"passed","summary":""},{"assertionResults":[{"ancestorTitles":["Templates","template method"],"duration":10,"failing":false,"failureDetails":[],"failureMessages":[],"fullName":"Templates template method should create a template","invocations":1,"location":null,"numPassingAsserts":2,"retryReasons":[],"startAt":1752645690011,"status":"passed","title":"should create a template"},{"ancestorTitles":["Templates","templates.create"],"duration":12,"failing":false,"failureDetails":[],"failureMessages":[],"fullName":"Templates templates.create should create a command template","invocations":1,"location":null,"numPassingAsserts":1,"retryReasons":[],"startAt":1752645690022,"status":"passed","title":"should create a command template"},{"ancestorTitles":["Templates","templates.create"],"duration":12,"failing":false,"failureDetails":[],"failureMessages":[],"fullName":"Templates templates.create should use default values","invocations":1,"location":null,"numPassingAsserts":1,"retryReasons":[],"startAt":1752645690034,"status":"passed","title":"should use default values"},{"ancestorTitles":["Templates","templates.create"],"duration":6,"failing":false,"failureDetails":[],"failureMessages":[],"fullName":"Templates templates.create should validate parameters","invocations":1,"location":null,"numPassingAsserts":1,"retryReasons":[],"startAt":1752645690046,"status":"passed","title":"should validate parameters"},{"ancestorTitles":["Templates","templates.create"],"duration":11,"failing":false,"failureDetails":[],"failureMessages":[],"fullName":"Templates templates.create should transform results","invocations":1,"location":null,"numPassingAsserts":1,"retryReasons":[],"startAt":1752645690052,"status":"passed","title":"should transform results"},{"ancestorTitles":["Templates","templates.register and templates.get"],"duration":11,"failing":false,"failureDetails":[],"failureMessages":[],"fullName":"Templates templates.register and templates.get should register and retrieve templates","invocations":1,"location":null,"numPassingAsserts":2,"retryReasons":[],"startAt":1752645690063,"status":"passed","title":"should register and retrieve templates"},{"ancestorTitles":["Templates","templates.register and templates.get"],"duration":3,"failing":false,"failureDetails":[],"failureMessages":[],"fullName":"Templates templates.register and templates.get should throw for non-existent template","invocations":1,"location":null,"numPassingAsserts":1,"retryReasons":[],"startAt":1752645690074,"status":"passed","title":"should throw for non-existent template"},{"ancestorTitles":["Templates","templates.render"],"duration":0,"failing":false,"failureDetails":[],"failureMessages":[],"fullName":"Templates templates.render should render template string with data","invocations":1,"location":null,"numPassingAsserts":1,"retryReasons":[],"startAt":1752645690077,"status":"passed","title":"should render template string with data"},{"ancestorTitles":["Templates","templates.render"],"duration":1,"failing":false,"failureDetails":[],"failureMessages":[],"fullName":"Templates templates.render should escape values with spaces","invocations":1,"location":null,"numPassingAsserts":1,"retryReasons":[],"startAt":1752645690077,"status":"passed","title":"should escape values with spaces"},{"ancestorTitles":["Templates","templates.render"],"duration":0,"failing":false,"failureDetails":[],"failureMessages":[],"fullName":"Templates templates.render should escape quotes in values","invocations":1,"location":null,"numPassingAsserts":1,"retryReasons":[],"startAt":1752645690078,"status":"passed","title":"should escape quotes in values"},{"ancestorTitles":["Templates","templates.parse"],"duration":0,"failing":false,"failureDetails":[],"failureMessages":[],"fullName":"Templates templates.parse should parse template and extract parameters","invocations":1,"location":null,"numPassingAsserts":2,"retryReasons":[],"startAt":1752645690078,"status":"passed","title":"should parse template and extract parameters"},{"ancestorTitles":["Templates","templates.parse"],"duration":0,"failing":false,"failureDetails":[],"failureMessages":[],"fullName":"Templates templates.parse should handle templates with no parameters","invocations":1,"location":null,"numPassingAsserts":1,"retryReasons":[],"startAt":1752645690078,"status":"passed","title":"should handle templates with no parameters"},{"ancestorTitles":["Templates","complex template scenarios"],"duration":11,"failing":false,"failureDetails":[],"failureMessages":[],"fullName":"Templates complex template scenarios should handle multiple parameters","invocations":1,"location":null,"numPassingAsserts":1,"retryReasons":[],"startAt":1752645690078,"status":"passed","title":"should handle multiple parameters"},{"ancestorTitles":["Templates","complex template scenarios"],"duration":11,"failing":false,"failureDetails":[],"failureMessages":[],"fullName":"Templates complex template scenarios should work with different execution engines","invocations":1,"location":null,"numPassingAsserts":1,"retryReasons":[],"startAt":1752645690089,"status":"passed","title":"should work with different execution engines"}],"endTime":1752645690101,"message":"","name":"/Users/taaliman/projects/xec-sh/xec/packages/ush/test/unit/utils/templates.test.ts","startTime":1752645687384,"status":"passed","summary":""},{"assertionResults":[{"ancestorTitles":["Security Test Suite","Command Injection Prevention"],"duration":17,"failing":false,"failureDetails":[],"failureMessages":[],"fullName":"Security Test Suite Command Injection Prevention should sanitize shell metacharacters in command arguments","invocations":1,"location":null,"numPassingAsserts":2,"retryReasons":[],"startAt":1752645690020,"status":"passed","title":"should sanitize shell metacharacters in command arguments"},{"ancestorTitles":["Security Test Suite","Command Injection Prevention"],"duration":7,"failing":false,"failureDetails":[],"failureMessages":[],"fullName":"Security Test Suite Command Injection Prevention should prevent command injection through environment variables","invocations":1,"location":null,"numPassingAsserts":1,"retryReasons":[],"startAt":1752645690037,"status":"passed","title":"should prevent command injection through environment variables"},{"ancestorTitles":["Security Test Suite","Command Injection Prevention"],"duration":7,"failing":false,"failureDetails":[],"failureMessages":[],"fullName":"Security Test Suite Command Injection Prevention should handle null bytes in input safely","invocations":1,"location":null,"numPassingAsserts":1,"retryReasons":[],"startAt":1752645690044,"status":"passed","title":"should handle null bytes in input safely"},{"ancestorTitles":["Security Test Suite","Command Injection Prevention"],"duration":9,"failing":false,"failureDetails":[],"failureMessages":[],"fullName":"Security Test Suite Command Injection Prevention should escape special characters in file paths","invocations":1,"location":null,"numPassingAsserts":2,"retryReasons":[],"startAt":1752645690051,"status":"passed","title":"should escape special characters in file paths"},{"ancestorTitles":["Security Test Suite","Path Traversal Prevention"],"duration":6,"failing":false,"failureDetails":[],"failureMessages":[],"fullName":"Security Test Suite Path Traversal Prevention should prevent path traversal in temp file operations","invocations":1,"location":null,"numPassingAsserts":3,"retryReasons":[],"startAt":1752645690060,"status":"passed","title":"should prevent path traversal in temp file operations"},{"ancestorTitles":["Security Test Suite","Path Traversal Prevention"],"duration":0,"failing":false,"failureDetails":[],"failureMessages":[],"fullName":"Security Test Suite Path Traversal Prevention should allow safe relative paths in temp directories","invocations":1,"location":null,"numPassingAsserts":5,"retryReasons":[],"startAt":1752645690066,"status":"passed","title":"should allow safe relative paths in temp directories"},{"ancestorTitles":["Security Test Suite","Shell Escape Security"],"duration":1,"failing":false,"failureDetails":[],"failureMessages":[],"fullName":"Security Test Suite Shell Escape Security should properly escape shell arguments","invocations":1,"location":null,"numPassingAsserts":12,"retryReasons":[],"startAt":1752645690066,"status":"passed","title":"should properly escape shell arguments"},{"ancestorTitles":["Security Test Suite","Shell Escape Security"],"duration":0,"failing":false,"failureDetails":[],"failureMessages":[],"fullName":"Security Test Suite Shell Escape Security should handle arrays of arguments","invocations":1,"location":null,"numPassingAsserts":1,"retryReasons":[],"startAt":1752645690067,"status":"passed","title":"should handle arrays of arguments"},{"ancestorTitles":["Security Test Suite","Shell Escape Security"],"duration":0,"failing":false,"failureDetails":[],"failureMessages":[],"fullName":"Security Test Suite Shell Escape Security should handle empty strings and special cases","invocations":1,"location":null,"numPassingAsserts":2,"retryReasons":[],"startAt":1752645690067,"status":"passed","title":"should handle empty strings and special cases"},{"ancestorTitles":["Security Test Suite","SSH Security"],"duration":1,"failing":false,"failureDetails":[],"failureMessages":[],"fullName":"Security Test Suite SSH Security should validate SSH connection options","invocations":1,"location":null,"numPassingAsserts":2,"retryReasons":[],"startAt":1752645690067,"status":"passed","title":"should validate SSH connection options"},{"ancestorTitles":["Security Test Suite","Docker Security"],"duration":3,"failing":false,"failureDetails":[],"failureMessages":[],"fullName":"Security Test Suite Docker Security should sanitize container names","invocations":1,"location":null,"numPassingAsserts":1,"retryReasons":[],"startAt":1752645690068,"status":"passed","title":"should sanitize container names"},{"ancestorTitles":["Security Test Suite","Docker Security"],"duration":1,"failing":false,"failureDetails":[],"failureMessages":[],"fullName":"Security Test Suite Docker Security should validate docker options","invocations":1,"location":null,"numPassingAsserts":3,"retryReasons":[],"startAt":1752645690071,"status":"passed","title":"should validate docker options"},{"ancestorTitles":["Security Test Suite","File Permission Security"],"duration":2,"failing":false,"failureDetails":[],"failureMessages":[],"fullName":"Security Test Suite File Permission Security should create temp files with secure permissions","invocations":1,"location":null,"numPassingAsserts":1,"retryReasons":[],"startAt":1752645690072,"status":"passed","title":"should create temp files with secure permissions"},{"ancestorTitles":["Security Test Suite","Resource Cleanup"],"duration":2,"failing":false,"failureDetails":[],"failureMessages":[],"fullName":"Security Test Suite Resource Cleanup should clean up temp files even on error","invocations":1,"location":null,"numPassingAsserts":2,"retryReasons":[],"startAt":1752645690074,"status":"passed","title":"should clean up temp files even on error"},{"ancestorTitles":["Security Test Suite","Resource Cleanup"],"duration":1,"failing":false,"failureDetails":[],"failureMessages":[],"fullName":"Security Test Suite Resource Cleanup should clean up temp directories even on error","invocations":1,"location":null,"numPassingAsserts":2,"retryReasons":[],"startAt":1752645690076,"status":"passed","title":"should clean up temp directories even on error"},{"ancestorTitles":["Security Test Suite","Input Validation"],"duration":10,"failing":false,"failureDetails":[],"failureMessages":[],"fullName":"Security Test Suite Input Validation should validate command inputs","invocations":1,"location":null,"numPassingAsserts":4,"retryReasons":[],"startAt":1752645690077,"status":"passed","title":"should validate command inputs"},{"ancestorTitles":["Security Test Suite","Input Validation"],"duration":7,"failing":false,"failureDetails":[],"failureMessages":[],"fullName":"Security Test Suite Input Validation should handle very long inputs safely","invocations":1,"location":null,"numPassingAsserts":2,"retryReasons":[],"startAt":1752645690087,"status":"passed","title":"should handle very long inputs safely"},{"ancestorTitles":["Security Test Suite","Error Information Leakage"],"duration":5,"failing":false,"failureDetails":[],"failureMessages":[],"fullName":"Security Test Suite Error Information Leakage should not expose sensitive file paths in errors","invocations":1,"location":null,"numPassingAsserts":0,"retryReasons":[],"startAt":1752645690094,"status":"passed","title":"should not expose sensitive file paths in errors"},{"ancestorTitles":["Security Test Suite","Error Information Leakage"],"duration":0,"failing":false,"failureDetails":[],"failureMessages":[],"fullName":"Security Test Suite Error Information Leakage should sanitize error messages from remote hosts","invocations":1,"location":null,"numPassingAsserts":1,"retryReasons":[],"startAt":1752645690099,"status":"passed","title":"should sanitize error messages from remote hosts"},{"ancestorTitles":["Security Test Suite","Concurrent Access Security"],"duration":2,"failing":false,"failureDetails":[],"failureMessages":[],"fullName":"Security Test Suite Concurrent Access Security should handle concurrent temp file creation safely","invocations":1,"location":null,"numPassingAsserts":11,"retryReasons":[],"startAt":1752645690099,"status":"passed","title":"should handle concurrent temp file creation safely"}],"endTime":1752645690102,"message":"","name":"/Users/taaliman/projects/xec-sh/xec/packages/ush/test/unit/security/security-suite.test.ts","startTime":1752645687384,"status":"passed","summary":""},{"assertionResults":[{"ancestorTitles":["RemoteDockerAdapter","Basic functionality"],"duration":3,"failing":false,"failureDetails":[],"failureMessages":[],"fullName":"RemoteDockerAdapter Basic functionality should create adapter with config","invocations":1,"location":null,"numPassingAsserts":1,"retryReasons":[],"startAt":1752645690095,"status":"passed","title":"should create adapter with config"},{"ancestorTitles":["RemoteDockerAdapter","Basic functionality"],"duration":null,"failing":false,"failureDetails":[],"failureMessages":[],"fullName":"RemoteDockerAdapter Basic functionality should check availability","invocations":1,"location":null,"numPassingAsserts":0,"retryReasons":[],"startAt":1752645690098,"status":"pending","title":"should check availability"},{"ancestorTitles":["RemoteDockerAdapter","Basic functionality"],"duration":null,"failing":false,"failureDetails":[],"failureMessages":[],"fullName":"RemoteDockerAdapter Basic functionality should execute command in remote docker","invocations":1,"location":null,"numPassingAsserts":0,"retryReasons":[],"startAt":1752645690098,"status":"pending","title":"should execute command in remote docker"},{"ancestorTitles":["RemoteDockerAdapter","Docker options"],"duration":null,"failing":false,"failureDetails":[],"failureMessages":[],"fullName":"RemoteDockerAdapter Docker options should support working directory","invocations":1,"location":null,"numPassingAsserts":0,"retryReasons":[],"startAt":1752645690098,"status":"pending","title":"should support working directory"},{"ancestorTitles":["RemoteDockerAdapter","Docker options"],"duration":null,"failing":false,"failureDetails":[],"failureMessages":[],"fullName":"RemoteDockerAdapter Docker options should pass environment variables","invocations":1,"location":null,"numPassingAsserts":0,"retryReasons":[],"startAt":1752645690098,"status":"pending","title":"should pass environment variables"},{"ancestorTitles":["RemoteDockerAdapter","Docker options"],"duration":null,"failing":false,"failureDetails":[],"failureMessages":[],"fullName":"RemoteDockerAdapter Docker options should handle stdin input","invocations":1,"location":null,"numPassingAsserts":0,"retryReasons":[],"startAt":1752645690098,"status":"pending","title":"should handle stdin input"},{"ancestorTitles":["RemoteDockerAdapter","Docker options"],"duration":null,"failing":false,"failureDetails":[],"failureMessages":[],"fullName":"RemoteDockerAdapter Docker options should handle command failure","invocations":1,"location":null,"numPassingAsserts":0,"retryReasons":[],"startAt":1752645690098,"status":"pending","title":"should handle command failure"},{"ancestorTitles":["RemoteDockerAdapter","Auto-create containers"],"duration":null,"failing":false,"failureDetails":[],"failureMessages":[],"fullName":"RemoteDockerAdapter Auto-create containers should create temporary container when enabled","invocations":1,"location":null,"numPassingAsserts":0,"retryReasons":[],"startAt":1752645690098,"status":"pending","title":"should create temporary container when enabled"},{"ancestorTitles":["RemoteDockerAdapter","Auto-create containers"],"duration":null,"failing":false,"failureDetails":[],"failureMessages":[],"fullName":"RemoteDockerAdapter Auto-create containers should clean up temporary containers on dispose","invocations":1,"location":null,"numPassingAsserts":0,"retryReasons":[],"startAt":1752645690098,"status":"pending","title":"should clean up temporary containers on dispose"},{"ancestorTitles":["RemoteDockerAdapter","Connection pooling"],"duration":null,"failing":false,"failureDetails":[],"failureMessages":[],"fullName":"RemoteDockerAdapter Connection pooling should reuse SSH connections","invocations":1,"location":null,"numPassingAsserts":0,"retryReasons":[],"startAt":1752645690098,"status":"pending","title":"should reuse SSH connections"},{"ancestorTitles":["RemoteDockerAdapter","Connection pooling"],"duration":9,"failing":false,"failureDetails":[],"failureMessages":[],"fullName":"RemoteDockerAdapter Connection pooling should handle connection failures","invocations":1,"location":null,"numPassingAsserts":1,"retryReasons":[],"startAt":1752645690098,"status":"passed","title":"should handle connection failures"},{"ancestorTitles":["RemoteDockerAdapter","Error handling"],"duration":null,"failing":false,"failureDetails":[],"failureMessages":[],"fullName":"RemoteDockerAdapter Error handling should handle missing container","invocations":1,"location":null,"numPassingAsserts":0,"retryReasons":[],"startAt":1752645690107,"status":"pending","title":"should handle missing container"},{"ancestorTitles":["RemoteDockerAdapter","Error handling"],"duration":1,"failing":false,"failureDetails":[],"failureMessages":[],"fullName":"RemoteDockerAdapter Error handling should handle invalid adapter options","invocations":1,"location":null,"numPassingAsserts":1,"retryReasons":[],"startAt":1752645690107,"status":"passed","title":"should handle invalid adapter options"},{"ancestorTitles":["RemoteDockerAdapter","Factory function"],"duration":0,"failing":false,"failureDetails":[],"failureMessages":[],"fullName":"RemoteDockerAdapter Factory function should create adapter directly","invocations":1,"location":null,"numPassingAsserts":1,"retryReasons":[],"startAt":1752645690108,"status":"passed","title":"should create adapter directly"},{"ancestorTitles":["RemoteDockerAdapter","Integration with ExecutionEngine"],"duration":null,"failing":false,"failureDetails":[],"failureMessages":[],"fullName":"RemoteDockerAdapter Integration with ExecutionEngine should work with execution engine","invocations":1,"location":null,"numPassingAsserts":0,"retryReasons":[],"startAt":1752645690108,"status":"pending","title":"should work with execution engine"},{"ancestorTitles":["RemoteDockerAdapter","Integration with ExecutionEngine"],"duration":null,"failing":false,"failureDetails":[],"failureMessages":[],"fullName":"RemoteDockerAdapter Integration with ExecutionEngine should support configuration chaining","invocations":1,"location":null,"numPassingAsserts":0,"retryReasons":[],"startAt":1752645690108,"status":"pending","title":"should support configuration chaining"},{"ancestorTitles":["RemoteDockerAdapter","Integration with ExecutionEngine"],"duration":null,"failing":false,"failureDetails":[],"failureMessages":[],"fullName":"RemoteDockerAdapter Integration with ExecutionEngine should work with global $ function","invocations":1,"location":null,"numPassingAsserts":0,"retryReasons":[],"startAt":1752645690108,"status":"pending","title":"should work with global $ function"}],"endTime":1752645690109,"message":"","name":"/Users/taaliman/projects/xec-sh/xec/packages/ush/test/integration/remote-docker-adapter.test.ts","startTime":1752645689670,"status":"focused","summary":""},{"assertionResults":[{"ancestorTitles":["SSH Configuration Validation","host and sock validation"],"duration":10,"failing":false,"failureDetails":[],"failureMessages":[],"fullName":"SSH Configuration Validation host and sock validation should throw if neither host or sock is provided","invocations":1,"location":null,"numPassingAsserts":1,"retryReasons":[],"startAt":1752645690085,"status":"passed","title":"should throw if neither host or sock is provided"},{"ancestorTitles":["SSH Configuration Validation","host and sock validation"],"duration":1,"failing":false,"failureDetails":[],"failureMessages":[],"fullName":"SSH Configuration Validation host and sock validation should throw if sock is not valid","invocations":1,"location":null,"numPassingAsserts":4,"retryReasons":[],"startAt":1752645690095,"status":"passed","title":"should throw if sock is not valid"},{"ancestorTitles":["SSH Configuration Validation","host and sock validation"],"duration":4,"failing":false,"failureDetails":[],"failureMessages":[],"fullName":"SSH Configuration Validation host and sock validation should not throw if sock is valid","invocations":1,"location":null,"numPassingAsserts":1,"retryReasons":[],"startAt":1752645690096,"status":"passed","title":"should not throw if sock is valid"},{"ancestorTitles":["SSH Configuration Validation","host and sock validation"],"duration":7,"failing":false,"failureDetails":[],"failureMessages":[],"fullName":"SSH Configuration Validation host and sock validation should throw if host is not valid","invocations":1,"location":null,"numPassingAsserts":5,"retryReasons":[],"startAt":1752645690100,"status":"passed","title":"should throw if host is not valid"},{"ancestorTitles":["SSH Configuration Validation","host and sock validation"],"duration":0,"failing":false,"failureDetails":[],"failureMessages":[],"fullName":"SSH Configuration Validation host and sock validation should not throw if host is valid","invocations":1,"location":null,"numPassingAsserts":1,"retryReasons":[],"startAt":1752645690107,"status":"passed","title":"should not throw if host is valid"},{"ancestorTitles":["SSH Configuration Validation","username validation"],"duration":0,"failing":false,"failureDetails":[],"failureMessages":[],"fullName":"SSH Configuration Validation username validation should not throw if username is not present","invocations":1,"location":null,"numPassingAsserts":1,"retryReasons":[],"startAt":1752645690108,"status":"passed","title":"should not throw if username is not present"},{"ancestorTitles":["SSH Configuration Validation","username validation"],"duration":1,"failing":false,"failureDetails":[],"failureMessages":[],"fullName":"SSH Configuration Validation username validation should throw if username is not valid","invocations":1,"location":null,"numPassingAsserts":2,"retryReasons":[],"startAt":1752645690108,"status":"passed","title":"should throw if username is not valid"},{"ancestorTitles":["SSH Configuration Validation","username validation"],"duration":1,"failing":false,"failureDetails":[],"failureMessages":[],"fullName":"SSH Configuration Validation username validation should not throw if username is valid","invocations":1,"location":null,"numPassingAsserts":1,"retryReasons":[],"startAt":1752645690109,"status":"passed","title":"should not throw if username is valid"},{"ancestorTitles":["SSH Configuration Validation","password validation"],"duration":0,"failing":false,"failureDetails":[],"failureMessages":[],"fullName":"SSH Configuration Validation password validation should not throw if password is not present","invocations":1,"location":null,"numPassingAsserts":1,"retryReasons":[],"startAt":1752645690110,"status":"passed","title":"should not throw if password is not present"},{"ancestorTitles":["SSH Configuration Validation","password validation"],"duration":0,"failing":false,"failureDetails":[],"failureMessages":[],"fullName":"SSH Configuration Validation password validation should throw if password is invalid","invocations":1,"location":null,"numPassingAsserts":3,"retryReasons":[],"startAt":1752645690111,"status":"passed","title":"should throw if password is invalid"},{"ancestorTitles":["SSH Configuration Validation","password validation"],"duration":1,"failing":false,"failureDetails":[],"failureMessages":[],"fullName":"SSH Configuration Validation password validation should not throw if password is valid","invocations":1,"location":null,"numPassingAsserts":1,"retryReasons":[],"startAt":1752645690111,"status":"passed","title":"should not throw if password is valid"},{"ancestorTitles":["SSH Configuration Validation","privateKey validation"],"duration":1,"failing":false,"failureDetails":[],"failureMessages":[],"fullName":"SSH Configuration Validation privateKey validation should not throw if privateKey is not present","invocations":1,"location":null,"numPassingAsserts":1,"retryReasons":[],"startAt":1752645690112,"status":"passed","title":"should not throw if privateKey is not present"},{"ancestorTitles":["SSH Configuration Validation","privateKey validation"],"duration":0,"failing":false,"failureDetails":[],"failureMessages":[],"fullName":"SSH Configuration Validation privateKey validation should throw if privateKey is invalid","invocations":1,"location":null,"numPassingAsserts":3,"retryReasons":[],"startAt":1752645690113,"status":"passed","title":"should throw if privateKey is invalid"},{"ancestorTitles":["SSH Configuration Validation","privateKey validation"],"duration":0,"failing":false,"failureDetails":[],"failureMessages":[],"fullName":"SSH Configuration Validation privateKey validation should throw if privateKey is a file and does not exist","invocations":1,"location":null,"numPassingAsserts":1,"retryReasons":[],"startAt":1752645690113,"status":"passed","title":"should throw if privateKey is a file and does not exist"},{"ancestorTitles":["SSH Configuration Validation","privateKey validation"],"duration":0,"failing":false,"failureDetails":[],"failureMessages":[],"fullName":"SSH Configuration Validation privateKey validation should throw if privateKey is specified and so is privateKeyPath","invocations":1,"location":null,"numPassingAsserts":1,"retryReasons":[],"startAt":1752645690113,"status":"passed","title":"should throw if privateKey is specified and so is privateKeyPath"},{"ancestorTitles":["SSH Configuration Validation","privateKey validation"],"duration":6,"failing":false,"failureDetails":[],"failureMessages":[],"fullName":"SSH Configuration Validation privateKey validation should not throw if privateKey is valid","invocations":1,"location":null,"numPassingAsserts":3,"retryReasons":[],"startAt":1752645690113,"status":"passed","title":"should not throw if privateKey is valid"}],"endTime":1752645690120,"message":"","name":"/Users/taaliman/projects/xec-sh/xec/packages/ush/test/unit/ssh/validation.test.ts","startTime":1752645690039,"status":"passed","summary":""},{"assertionResults":[{"ancestorTitles":["KubernetesAdapter","constructor"],"duration":2,"failing":false,"failureDetails":[],"failureMessages":[],"fullName":"KubernetesAdapter constructor should create adapter with default config","invocations":1,"location":null,"numPassingAsserts":1,"retryReasons":[],"startAt":1752645689977,"status":"passed","title":"should create adapter with default config"},{"ancestorTitles":["KubernetesAdapter","constructor"],"duration":3,"failing":false,"failureDetails":[],"failureMessages":[],"fullName":"KubernetesAdapter constructor should create adapter with custom config","invocations":1,"location":null,"numPassingAsserts":1,"retryReasons":[],"startAt":1752645689979,"status":"passed","title":"should create adapter with custom config"},{"ancestorTitles":["KubernetesAdapter","isAvailable"],"duration":3,"failing":false,"failureDetails":[],"failureMessages":[],"fullName":"KubernetesAdapter isAvailable should return true when kubectl and cluster are available","invocations":1,"location":null,"numPassingAsserts":4,"retryReasons":[],"startAt":1752645689982,"status":"passed","title":"should return true when kubectl and cluster are available"},{"ancestorTitles":["KubernetesAdapter","isAvailable"],"duration":2,"failing":false,"failureDetails":[],"failureMessages":[],"fullName":"KubernetesAdapter isAvailable should return false when kubectl is not available","invocations":1,"location":null,"numPassingAsserts":1,"retryReasons":[],"startAt":1752645689985,"status":"passed","title":"should return false when kubectl is not available"},{"ancestorTitles":["KubernetesAdapter","isAvailable"],"duration":3,"failing":false,"failureDetails":[],"failureMessages":[],"fullName":"KubernetesAdapter isAvailable should return false when cluster is not available","invocations":1,"location":null,"numPassingAsserts":1,"retryReasons":[],"startAt":1752645689987,"status":"passed","title":"should return false when cluster is not available"},{"ancestorTitles":["KubernetesAdapter","isAvailable"],"duration":2,"failing":false,"failureDetails":[],"failureMessages":[],"fullName":"KubernetesAdapter isAvailable should handle spawn errors gracefully","invocations":1,"location":null,"numPassingAsserts":1,"retryReasons":[],"startAt":1752645689990,"status":"passed","title":"should handle spawn errors gracefully"},{"ancestorTitles":["KubernetesAdapter","execute"],"duration":4,"failing":false,"failureDetails":[],"failureMessages":[],"fullName":"KubernetesAdapter execute should execute simple command in pod","invocations":1,"location":null,"numPassingAsserts":4,"retryReasons":[],"startAt":1752645689992,"status":"passed","title":"should execute simple command in pod"},{"ancestorTitles":["KubernetesAdapter","execute"],"duration":3,"failing":false,"failureDetails":[],"failureMessages":[],"fullName":"KubernetesAdapter execute should execute shell command","invocations":1,"location":null,"numPassingAsserts":3,"retryReasons":[],"startAt":1752645689996,"status":"passed","title":"should execute shell command"},{"ancestorTitles":["KubernetesAdapter","execute"],"duration":3,"failing":false,"failureDetails":[],"failureMessages":[],"fullName":"KubernetesAdapter execute should handle custom shell","invocations":1,"location":null,"numPassingAsserts":2,"retryReasons":[],"startAt":1752645689999,"status":"passed","title":"should handle custom shell"},{"ancestorTitles":["KubernetesAdapter","execute"],"duration":1,"failing":false,"failureDetails":[],"failureMessages":[],"fullName":"KubernetesAdapter execute should handle container option","invocations":1,"location":null,"numPassingAsserts":1,"retryReasons":[],"startAt":1752645690002,"status":"passed","title":"should handle container option"},{"ancestorTitles":["KubernetesAdapter","execute"],"duration":2,"failing":false,"failureDetails":[],"failureMessages":[],"fullName":"KubernetesAdapter execute should handle namespace option","invocations":1,"location":null,"numPassingAsserts":1,"retryReasons":[],"startAt":1752645690003,"status":"passed","title":"should handle namespace option"},{"ancestorTitles":["KubernetesAdapter","execute"],"duration":1,"failing":false,"failureDetails":[],"failureMessages":[],"fullName":"KubernetesAdapter execute should handle label selector","invocations":1,"location":null,"numPassingAsserts":1,"retryReasons":[],"startAt":1752645690005,"status":"passed","title":"should handle label selector"},{"ancestorTitles":["KubernetesAdapter","execute"],"duration":1,"failing":false,"failureDetails":[],"failureMessages":[],"fullName":"KubernetesAdapter execute should handle stdin input","invocations":1,"location":null,"numPassingAsserts":2,"retryReasons":[],"startAt":1752645690006,"status":"passed","title":"should handle stdin input"},{"ancestorTitles":["KubernetesAdapter","execute"],"duration":2,"failing":false,"failureDetails":[],"failureMessages":[],"fullName":"KubernetesAdapter execute should handle stdin stream","invocations":1,"location":null,"numPassingAsserts":1,"retryReasons":[],"startAt":1752645690007,"status":"passed","title":"should handle stdin stream"},{"ancestorTitles":["KubernetesAdapter","execute"],"duration":107,"failing":false,"failureDetails":[],"failureMessages":[],"fullName":"KubernetesAdapter execute should handle command timeout","invocations":1,"location":null,"numPassingAsserts":1,"retryReasons":[],"startAt":1752645690009,"status":"passed","title":"should handle command timeout"},{"ancestorTitles":["KubernetesAdapter","execute"],"duration":1,"failing":false,"failureDetails":[],"failureMessages":[],"fullName":"KubernetesAdapter execute should handle non-zero exit code","invocations":1,"location":null,"numPassingAsserts":2,"retryReasons":[],"startAt":1752645690117,"status":"passed","title":"should handle non-zero exit code"},{"ancestorTitles":["KubernetesAdapter","execute"],"duration":5,"failing":false,"failureDetails":[],"failureMessages":[],"fullName":"KubernetesAdapter execute should throw on non-zero exit with throwOnNonZeroExit","invocations":1,"location":null,"numPassingAsserts":1,"retryReasons":[],"startAt":1752645690118,"status":"passed","title":"should throw on non-zero exit with throwOnNonZeroExit"},{"ancestorTitles":["KubernetesAdapter","execute"],"duration":1,"failing":false,"failureDetails":[],"failureMessages":[],"fullName":"KubernetesAdapter execute should throw error when pod name is missing","invocations":1,"location":null,"numPassingAsserts":2,"retryReasons":[],"startAt":1752645690123,"status":"passed","title":"should throw error when pod name is missing"},{"ancestorTitles":["KubernetesAdapter","execute"],"duration":1,"failing":false,"failureDetails":[],"failureMessages":[],"fullName":"KubernetesAdapter execute should handle spawn errors","invocations":1,"location":null,"numPassingAsserts":1,"retryReasons":[],"startAt":1752645690124,"status":"passed","title":"should handle spawn errors"},{"ancestorTitles":["KubernetesAdapter","execute"],"duration":1,"failing":false,"failureDetails":[],"failureMessages":[],"fullName":"KubernetesAdapter execute should handle command with shell mode","invocations":1,"location":null,"numPassingAsserts":1,"retryReasons":[],"startAt":1752645690125,"status":"passed","title":"should handle command with shell mode"},{"ancestorTitles":["KubernetesAdapter","execute"],"duration":1,"failing":false,"failureDetails":[],"failureMessages":[],"fullName":"KubernetesAdapter execute should handle command with separate args","invocations":1,"location":null,"numPassingAsserts":1,"retryReasons":[],"startAt":1752645690126,"status":"passed","title":"should handle command with separate args"},{"ancestorTitles":["KubernetesAdapter","execute"],"duration":2,"failing":false,"failureDetails":[],"failureMessages":[],"fullName":"KubernetesAdapter execute should include kubeconfig when provided","invocations":1,"location":null,"numPassingAsserts":1,"retryReasons":[],"startAt":1752645690127,"status":"passed","title":"should include kubeconfig when provided"},{"ancestorTitles":["KubernetesAdapter","execute"],"duration":2,"failing":false,"failureDetails":[],"failureMessages":[],"fullName":"KubernetesAdapter execute should handle tty option","invocations":1,"location":null,"numPassingAsserts":1,"retryReasons":[],"startAt":1752645690129,"status":"passed","title":"should handle tty option"},{"ancestorTitles":["KubernetesAdapter","execute"],"duration":1,"failing":false,"failureDetails":[],"failureMessages":[],"fullName":"KubernetesAdapter execute should disable stdin when specified","invocations":1,"location":null,"numPassingAsserts":1,"retryReasons":[],"startAt":1752645690131,"status":"passed","title":"should disable stdin when specified"},{"ancestorTitles":["KubernetesAdapter","execute"],"duration":2,"failing":false,"failureDetails":[],"failureMessages":[],"fullName":"KubernetesAdapter execute should pass execFlags","invocations":1,"location":null,"numPassingAsserts":1,"retryReasons":[],"startAt":1752645690132,"status":"passed","title":"should pass execFlags"},{"ancestorTitles":["KubernetesAdapter","helper methods","getPodFromSelector"],"duration":1,"failing":false,"failureDetails":[],"failureMessages":[],"fullName":"KubernetesAdapter helper methods getPodFromSelector should get pod name from label selector","invocations":1,"location":null,"numPassingAsserts":2,"retryReasons":[],"startAt":1752645690134,"status":"passed","title":"should get pod name from label selector"},{"ancestorTitles":["KubernetesAdapter","helper methods","getPodFromSelector"],"duration":1,"failing":false,"failureDetails":[],"failureMessages":[],"fullName":"KubernetesAdapter helper methods getPodFromSelector should handle selector with -l prefix","invocations":1,"location":null,"numPassingAsserts":2,"retryReasons":[],"startAt":1752645690135,"status":"passed","title":"should handle selector with -l prefix"},{"ancestorTitles":["KubernetesAdapter","helper methods","getPodFromSelector"],"duration":2,"failing":false,"failureDetails":[],"failureMessages":[],"fullName":"KubernetesAdapter helper methods getPodFromSelector should return null when no pod found","invocations":1,"location":null,"numPassingAsserts":1,"retryReasons":[],"startAt":1752645690136,"status":"passed","title":"should return null when no pod found"},{"ancestorTitles":["KubernetesAdapter","helper methods","getPodFromSelector"],"duration":1,"failing":false,"failureDetails":[],"failureMessages":[],"fullName":"KubernetesAdapter helper methods getPodFromSelector should return null on error","invocations":1,"location":null,"numPassingAsserts":1,"retryReasons":[],"startAt":1752645690138,"status":"passed","title":"should return null on error"},{"ancestorTitles":["KubernetesAdapter","helper methods","isPodReady"],"duration":1,"failing":false,"failureDetails":[],"failureMessages":[],"fullName":"KubernetesAdapter helper methods isPodReady should return true for ready pod","invocations":1,"location":null,"numPassingAsserts":2,"retryReasons":[],"startAt":1752645690139,"status":"passed","title":"should return true for ready pod"},{"ancestorTitles":["KubernetesAdapter","helper methods","isPodReady"],"duration":1,"failing":false,"failureDetails":[],"failureMessages":[],"fullName":"KubernetesAdapter helper methods isPodReady should return false for non-ready pod","invocations":1,"location":null,"numPassingAsserts":1,"retryReasons":[],"startAt":1752645690140,"status":"passed","title":"should return false for non-ready pod"},{"ancestorTitles":["KubernetesAdapter","helper methods","isPodReady"],"duration":2,"failing":false,"failureDetails":[],"failureMessages":[],"fullName":"KubernetesAdapter helper methods isPodReady should return false for non-existent pod","invocations":1,"location":null,"numPassingAsserts":1,"retryReasons":[],"startAt":1752645690141,"status":"passed","title":"should return false for non-existent pod"},{"ancestorTitles":["KubernetesAdapter","helper methods","isPodReady"],"duration":1,"failing":false,"failureDetails":[],"failureMessages":[],"fullName":"KubernetesAdapter helper methods isPodReady should handle errors gracefully","invocations":1,"location":null,"numPassingAsserts":1,"retryReasons":[],"startAt":1752645690143,"status":"passed","title":"should handle errors gracefully"},{"ancestorTitles":["KubernetesAdapter","helper methods","copyFiles"],"duration":1,"failing":false,"failureDetails":[],"failureMessages":[],"fullName":"KubernetesAdapter helper methods copyFiles should copy files to pod","invocations":1,"location":null,"numPassingAsserts":1,"retryReasons":[],"startAt":1752645690144,"status":"passed","title":"should copy files to pod"},{"ancestorTitles":["KubernetesAdapter","helper methods","copyFiles"],"duration":2,"failing":false,"failureDetails":[],"failureMessages":[],"fullName":"KubernetesAdapter helper methods copyFiles should copy files from pod","invocations":1,"location":null,"numPassingAsserts":1,"retryReasons":[],"startAt":1752645690145,"status":"passed","title":"should copy files from pod"},{"ancestorTitles":["KubernetesAdapter","helper methods","copyFiles"],"duration":1,"failing":false,"failureDetails":[],"failureMessages":[],"fullName":"KubernetesAdapter helper methods copyFiles should handle container option","invocations":1,"location":null,"numPassingAsserts":1,"retryReasons":[],"startAt":1752645690147,"status":"passed","title":"should handle container option"},{"ancestorTitles":["KubernetesAdapter","helper methods","copyFiles"],"duration":2,"failing":false,"failureDetails":[],"failureMessages":[],"fullName":"KubernetesAdapter helper methods copyFiles should throw on copy failure","invocations":1,"location":null,"numPassingAsserts":1,"retryReasons":[],"startAt":1752645690148,"status":"passed","title":"should throw on copy failure"},{"ancestorTitles":["KubernetesAdapter","dispose"],"duration":0,"failing":false,"failureDetails":[],"failureMessages":[],"fullName":"KubernetesAdapter dispose should clean up without errors","invocations":1,"location":null,"numPassingAsserts":1,"retryReasons":[],"startAt":1752645690150,"status":"passed","title":"should clean up without errors"},{"ancestorTitles":["KubernetesAdapter","adapter metadata"],"duration":0,"failing":false,"failureDetails":[],"failureMessages":[],"fullName":"KubernetesAdapter adapter metadata should return correct adapter name","invocations":1,"location":null,"numPassingAsserts":1,"retryReasons":[],"startAt":1752645690150,"status":"passed","title":"should return correct adapter name"}],"endTime":1752645690151,"message":"","name":"/Users/taaliman/projects/xec-sh/xec/packages/ush/test/unit/adapters/kubernetes-adapter.test.ts","startTime":1752645689381,"status":"passed","summary":""},{"assertionResults":[{"ancestorTitles":["Unified Execution Engine - Integration Tests","Basic functionality"],"duration":22,"failing":false,"failureDetails":[{"matcherResult":{"actual":"","expected":"Hello, World!","message":"expect(received).toBe(expected) // Object.is equality\n\nExpected: \"Hello, World!\"\nReceived: \"\"","name":"toBe","pass":false}}],"failureMessages":["Error: expect(received).toBe(expected) // Object.is equality\n\nExpected: \"Hello, World!\"\nReceived: \"\"\n    at Object.<anonymous> (/Users/taaliman/projects/xec-sh/xec/packages/ush/test/integration/execution-engine.integration.test.ts:14:36)\n    at processTicksAndRejections (node:internal/process/task_queues:105:5)"],"fullName":"Unified Execution Engine - Integration Tests Basic functionality should execute simple commands","invocations":1,"location":null,"numPassingAsserts":0,"retryReasons":[],"startAt":1752645690001,"status":"failed","title":"should execute simple commands"},{"ancestorTitles":["Unified Execution Engine - Integration Tests","Basic functionality"],"duration":5,"failing":false,"failureDetails":[],"failureMessages":[],"fullName":"Unified Execution Engine - Integration Tests Basic functionality should support template literal interpolation","invocations":1,"location":null,"numPassingAsserts":1,"retryReasons":[],"startAt":1752645690027,"status":"passed","title":"should support template literal interpolation"},{"ancestorTitles":["Unified Execution Engine - Integration Tests","Basic functionality"],"duration":12,"failing":false,"failureDetails":[],"failureMessages":[],"fullName":"Unified Execution Engine - Integration Tests Basic functionality should handle command failure","invocations":1,"location":null,"numPassingAsserts":1,"retryReasons":[],"startAt":1752645690032,"status":"passed","title":"should handle command failure"},{"ancestorTitles":["Unified Execution Engine - Integration Tests","Basic functionality"],"duration":5,"failing":false,"failureDetails":[],"failureMessages":[],"fullName":"Unified Execution Engine - Integration Tests Basic functionality should support nothrow mode","invocations":1,"location":null,"numPassingAsserts":1,"retryReasons":[],"startAt":1752645690044,"status":"passed","title":"should support nothrow mode"},{"ancestorTitles":["Unified Execution Engine - Integration Tests","Configuration chaining"],"duration":8,"failing":false,"failureDetails":[],"failureMessages":[],"fullName":"Unified Execution Engine - Integration Tests Configuration chaining should support method chaining","invocations":1,"location":null,"numPassingAsserts":1,"retryReasons":[],"startAt":1752645690049,"status":"passed","title":"should support method chaining"},{"ancestorTitles":["Unified Execution Engine - Integration Tests","Configuration chaining"],"duration":4,"failing":false,"failureDetails":[],"failureMessages":[],"fullName":"Unified Execution Engine - Integration Tests Configuration chaining should support cd() for changing directory","invocations":1,"location":null,"numPassingAsserts":1,"retryReasons":[],"startAt":1752645690057,"status":"passed","title":"should support cd() for changing directory"},{"ancestorTitles":["Unified Execution Engine - Integration Tests","Mock adapter"],"duration":10,"failing":false,"failureDetails":[],"failureMessages":[],"fullName":"Unified Execution Engine - Integration Tests Mock adapter should use mock responses","invocations":1,"location":null,"numPassingAsserts":2,"retryReasons":[],"startAt":1752645690061,"status":"passed","title":"should use mock responses"},{"ancestorTitles":["Unified Execution Engine - Integration Tests","Mock adapter"],"duration":34,"failing":false,"failureDetails":[],"failureMessages":[],"fullName":"Unified Execution Engine - Integration Tests Mock adapter should track executed commands","invocations":1,"location":null,"numPassingAsserts":1,"retryReasons":[],"startAt":1752645690072,"status":"passed","title":"should track executed commands"},{"ancestorTitles":["Unified Execution Engine - Integration Tests","Mock adapter"],"duration":22,"failing":false,"failureDetails":[],"failureMessages":[],"fullName":"Unified Execution Engine - Integration Tests Mock adapter should support regex patterns","invocations":1,"location":null,"numPassingAsserts":2,"retryReasons":[],"startAt":1752645690106,"status":"passed","title":"should support regex patterns"},{"ancestorTitles":["Unified Execution Engine - Integration Tests","Adapter selection"],"duration":0,"failing":false,"failureDetails":[],"failureMessages":[],"fullName":"Unified Execution Engine - Integration Tests Adapter selection should auto-detect adapter from options","invocations":1,"location":null,"numPassingAsserts":1,"retryReasons":[],"startAt":1752645690128,"status":"passed","title":"should auto-detect adapter from options"},{"ancestorTitles":["Unified Execution Engine - Integration Tests","Utility methods"],"duration":16,"failing":false,"failureDetails":[],"failureMessages":[],"fullName":"Unified Execution Engine - Integration Tests Utility methods should check command availability","invocations":1,"location":null,"numPassingAsserts":3,"retryReasons":[],"startAt":1752645690128,"status":"passed","title":"should check command availability"},{"ancestorTitles":["Unified Execution Engine - Integration Tests","Utility methods"],"duration":5,"failing":false,"failureDetails":[],"failureMessages":[],"fullName":"Unified Execution Engine - Integration Tests Utility methods should find command path with which()","invocations":1,"location":null,"numPassingAsserts":2,"retryReasons":[],"startAt":1752645690144,"status":"passed","title":"should find command path with which()"},{"ancestorTitles":["Unified Execution Engine - Integration Tests","Global $ export"],"duration":4,"failing":false,"failureDetails":[],"failureMessages":[],"fullName":"Unified Execution Engine - Integration Tests Global $ export should work with global $ export","invocations":1,"location":null,"numPassingAsserts":1,"retryReasons":[],"startAt":1752645690149,"status":"passed","title":"should work with global $ export"},{"ancestorTitles":["Unified Execution Engine - Integration Tests","Global $ export"],"duration":4,"failing":false,"failureDetails":[],"failureMessages":[],"fullName":"Unified Execution Engine - Integration Tests Global $ export should support chaining with global $","invocations":1,"location":null,"numPassingAsserts":1,"retryReasons":[],"startAt":1752645690153,"status":"passed","title":"should support chaining with global $"}],"endTime":1752645690164,"message":"  ● Unified Execution Engine - Integration Tests › Basic functionality › should execute simple commands\n\n    expect(received).toBe(expected) // Object.is equality\n\n    Expected: \"Hello, World!\"\n    Received: \"\"\n\n      12 |       const result = await $`echo \"Hello, World!\"`;\n      13 |       \n    > 14 |       expect(result.stdout.trim()).toBe('Hello, World!');\n         |                                    ^\n      15 |       expect(result.exitCode).toBe(0);\n      16 |       expect(result.adapter).toBe('local');\n      17 |     });\n\n      at Object.<anonymous> (test/integration/execution-engine.integration.test.ts:14:36)\n","name":"/Users/taaliman/projects/xec-sh/xec/packages/ush/test/integration/execution-engine.integration.test.ts","startTime":1752645687376,"status":"failed","summary":""},{"assertionResults":[{"ancestorTitles":["LocalAdapter - Mock Tests","Availability"],"duration":1,"failing":false,"failureDetails":[],"failureMessages":[],"fullName":"LocalAdapter - Mock Tests Availability should always be available","invocations":1,"location":null,"numPassingAsserts":1,"retryReasons":[],"startAt":1752645690152,"status":"passed","title":"should always be available"},{"ancestorTitles":["LocalAdapter - Mock Tests","Simple command execution"],"duration":6,"failing":false,"failureDetails":[],"failureMessages":[],"fullName":"LocalAdapter - Mock Tests Simple command execution should execute simple commands","invocations":1,"location":null,"numPassingAsserts":4,"retryReasons":[],"startAt":1752645690153,"status":"passed","title":"should execute simple commands"},{"ancestorTitles":["LocalAdapter - Mock Tests","Configuration options"],"duration":0,"failing":false,"failureDetails":[],"failureMessages":[],"fullName":"LocalAdapter - Mock Tests Configuration options should respect uid and gid options","invocations":1,"location":null,"numPassingAsserts":2,"retryReasons":[],"startAt":1752645690159,"status":"passed","title":"should respect uid and gid options"},{"ancestorTitles":["LocalAdapter - Mock Tests","Configuration options"],"duration":1,"failing":false,"failureDetails":[],"failureMessages":[],"fullName":"LocalAdapter - Mock Tests Configuration options should use custom kill signal configuration","invocations":1,"location":null,"numPassingAsserts":2,"retryReasons":[],"startAt":1752645690159,"status":"passed","title":"should use custom kill signal configuration"},{"ancestorTitles":["LocalAdapter - Mock Tests","executeSync method"],"duration":0,"failing":false,"failureDetails":[],"failureMessages":[],"fullName":"LocalAdapter - Mock Tests executeSync method should have executeSync method","invocations":1,"location":null,"numPassingAsserts":2,"retryReasons":[],"startAt":1752645690160,"status":"passed","title":"should have executeSync method"},{"ancestorTitles":["LocalAdapter - Mock Tests","executeSync method"],"duration":4,"failing":false,"failureDetails":[],"failureMessages":[],"fullName":"LocalAdapter - Mock Tests executeSync method should execute sync commands","invocations":1,"location":null,"numPassingAsserts":3,"retryReasons":[],"startAt":1752645690160,"status":"passed","title":"should execute sync commands"}],"endTime":1752645690165,"message":"","name":"/Users/taaliman/projects/xec-sh/xec/packages/ush/test/unit/adapters/local-adapter-mock.test.ts","startTime":1752645690122,"status":"passed","summary":""},{"assertionResults":[{"ancestorTitles":["RemoteDockerAdapter","isAvailable"],"duration":2,"failing":false,"failureDetails":[],"failureMessages":[],"fullName":"RemoteDockerAdapter isAvailable should return true when SSH connection and Docker are available","invocations":1,"location":null,"numPassingAsserts":2,"retryReasons":[],"startAt":1752645690150,"status":"passed","title":"should return true when SSH connection and Docker are available"},{"ancestorTitles":["RemoteDockerAdapter","isAvailable"],"duration":0,"failing":false,"failureDetails":[],"failureMessages":[],"fullName":"RemoteDockerAdapter isAvailable should return false when Docker is not available","invocations":1,"location":null,"numPassingAsserts":1,"retryReasons":[],"startAt":1752645690152,"status":"passed","title":"should return false when Docker is not available"},{"ancestorTitles":["RemoteDockerAdapter","isAvailable"],"duration":0,"failing":false,"failureDetails":[],"failureMessages":[],"fullName":"RemoteDockerAdapter isAvailable should return false when SSH connection fails","invocations":1,"location":null,"numPassingAsserts":1,"retryReasons":[],"startAt":1752645690152,"status":"passed","title":"should return false when SSH connection fails"},{"ancestorTitles":["RemoteDockerAdapter","execute"],"duration":0,"failing":false,"failureDetails":[],"failureMessages":[],"fullName":"RemoteDockerAdapter execute should execute command in remote Docker container","invocations":1,"location":null,"numPassingAsserts":5,"retryReasons":[],"startAt":1752645690153,"status":"passed","title":"should execute command in remote Docker container"},{"ancestorTitles":["RemoteDockerAdapter","execute"],"duration":1,"failing":false,"failureDetails":[],"failureMessages":[],"fullName":"RemoteDockerAdapter execute should handle docker exec with user option","invocations":1,"location":null,"numPassingAsserts":4,"retryReasons":[],"startAt":1752645690153,"status":"passed","title":"should handle docker exec with user option"},{"ancestorTitles":["RemoteDockerAdapter","execute"],"duration":0,"failing":false,"failureDetails":[],"failureMessages":[],"fullName":"RemoteDockerAdapter execute should handle docker exec with working directory","invocations":1,"location":null,"numPassingAsserts":4,"retryReasons":[],"startAt":1752645690154,"status":"passed","title":"should handle docker exec with working directory"},{"ancestorTitles":["RemoteDockerAdapter","execute"],"duration":0,"failing":false,"failureDetails":[],"failureMessages":[],"fullName":"RemoteDockerAdapter execute should handle environment variables","invocations":1,"location":null,"numPassingAsserts":2,"retryReasons":[],"startAt":1752645690154,"status":"passed","title":"should handle environment variables"},{"ancestorTitles":["RemoteDockerAdapter","execute"],"duration":1,"failing":false,"failureDetails":[],"failureMessages":[],"fullName":"RemoteDockerAdapter execute should handle shell commands","invocations":1,"location":null,"numPassingAsserts":1,"retryReasons":[],"startAt":1752645690154,"status":"passed","title":"should handle shell commands"},{"ancestorTitles":["RemoteDockerAdapter","execute"],"duration":0,"failing":false,"failureDetails":[],"failureMessages":[],"fullName":"RemoteDockerAdapter execute should handle stdin input","invocations":1,"location":null,"numPassingAsserts":4,"retryReasons":[],"startAt":1752645690155,"status":"passed","title":"should handle stdin input"},{"ancestorTitles":["RemoteDockerAdapter","execute"],"duration":2,"failing":false,"failureDetails":[],"failureMessages":[],"fullName":"RemoteDockerAdapter execute should handle TTY option","invocations":1,"location":null,"numPassingAsserts":5,"retryReasons":[],"startAt":1752645690155,"status":"passed","title":"should handle TTY option"},{"ancestorTitles":["RemoteDockerAdapter","execute"],"duration":11,"failing":false,"failureDetails":[],"failureMessages":[],"fullName":"RemoteDockerAdapter execute should throw CommandError on command failure","invocations":1,"location":null,"numPassingAsserts":1,"retryReasons":[],"startAt":1752645690157,"status":"passed","title":"should throw CommandError on command failure"},{"ancestorTitles":["RemoteDockerAdapter","execute"],"duration":0,"failing":false,"failureDetails":[],"failureMessages":[],"fullName":"RemoteDockerAdapter execute should handle connection errors","invocations":1,"location":null,"numPassingAsserts":1,"retryReasons":[],"startAt":1752645690168,"status":"passed","title":"should handle connection errors"},{"ancestorTitles":["RemoteDockerAdapter","execute"],"duration":2,"failing":false,"failureDetails":[],"failureMessages":[],"fullName":"RemoteDockerAdapter execute should handle timeout","invocations":1,"location":null,"numPassingAsserts":1,"retryReasons":[],"startAt":1752645690168,"status":"passed","title":"should handle timeout"},{"ancestorTitles":["RemoteDockerAdapter","auto-create container"],"duration":0,"failing":false,"failureDetails":[],"failureMessages":[],"fullName":"RemoteDockerAdapter auto-create container should create temporary container if it does not exist","invocations":1,"location":null,"numPassingAsserts":2,"retryReasons":[],"startAt":1752645690170,"status":"passed","title":"should create temporary container if it does not exist"},{"ancestorTitles":["RemoteDockerAdapter","dispose"],"duration":0,"failing":false,"failureDetails":[],"failureMessages":[],"fullName":"RemoteDockerAdapter dispose should close SSH connection","invocations":1,"location":null,"numPassingAsserts":2,"retryReasons":[],"startAt":1752645690170,"status":"passed","title":"should close SSH connection"},{"ancestorTitles":["RemoteDockerAdapter","dispose"],"duration":1,"failing":false,"failureDetails":[],"failureMessages":[],"fullName":"RemoteDockerAdapter dispose should clean up temporary containers","invocations":1,"location":null,"numPassingAsserts":1,"retryReasons":[],"startAt":1752645690170,"status":"passed","title":"should clean up temporary containers"}],"endTime":1752645690171,"message":"","name":"/Users/taaliman/projects/xec-sh/xec/packages/ush/test/unit/adapters/remote-docker-adapter.test.ts","startTime":1752645690105,"status":"passed","summary":""},{"assertionResults":[{"ancestorTitles":["USH Core Features","Basic execution"],"duration":11,"failing":false,"failureDetails":[],"failureMessages":[],"fullName":"USH Core Features Basic execution should execute simple commands","invocations":1,"location":null,"numPassingAsserts":2,"retryReasons":[],"startAt":1752645690014,"status":"passed","title":"should execute simple commands"},{"ancestorTitles":["USH Core Features","Basic execution"],"duration":5,"failing":false,"failureDetails":[],"failureMessages":[],"fullName":"USH Core Features Basic execution should execute commands with shell","invocations":1,"location":null,"numPassingAsserts":1,"retryReasons":[],"startAt":1752645690026,"status":"passed","title":"should execute commands with shell"},{"ancestorTitles":["USH Core Features","Basic execution"],"duration":5,"failing":false,"failureDetails":[],"failureMessages":[],"fullName":"USH Core Features Basic execution should execute template strings","invocations":1,"location":null,"numPassingAsserts":1,"retryReasons":[],"startAt":1752645690031,"status":"passed","title":"should execute template strings"},{"ancestorTitles":["USH Core Features","Retry functionality"],"duration":8,"failing":false,"failureDetails":[],"failureMessages":[],"fullName":"USH Core Features Retry functionality should retry failed commands using withRetry","invocations":1,"location":null,"numPassingAsserts":2,"retryReasons":[],"startAt":1752645690036,"status":"passed","title":"should retry failed commands using withRetry"},{"ancestorTitles":["USH Core Features","Within context"],"duration":8,"failing":false,"failureDetails":[],"failureMessages":[],"fullName":"USH Core Features Within context should execute with local context","invocations":1,"location":null,"numPassingAsserts":1,"retryReasons":[],"startAt":1752645690044,"status":"passed","title":"should execute with local context"},{"ancestorTitles":["USH Core Features","Pipe operations"],"duration":10,"failing":false,"failureDetails":[],"failureMessages":[],"fullName":"USH Core Features Pipe operations should pipe commands","invocations":1,"location":null,"numPassingAsserts":1,"retryReasons":[],"startAt":1752645690052,"status":"passed","title":"should pipe commands"},{"ancestorTitles":["USH Core Features","Pipe operations"],"duration":14,"failing":false,"failureDetails":[],"failureMessages":[],"fullName":"USH Core Features Pipe operations should pipe multiple commands","invocations":1,"location":null,"numPassingAsserts":1,"retryReasons":[],"startAt":1752645690062,"status":"passed","title":"should pipe multiple commands"},{"ancestorTitles":["USH Core Features","Environment and working directory"],"duration":4,"failing":false,"failureDetails":[],"failureMessages":[],"fullName":"USH Core Features Environment and working directory should support changing working directory","invocations":1,"location":null,"numPassingAsserts":1,"retryReasons":[],"startAt":1752645690076,"status":"passed","title":"should support changing working directory"},{"ancestorTitles":["USH Core Features","Environment and working directory"],"duration":3,"failing":false,"failureDetails":[],"failureMessages":[],"fullName":"USH Core Features Environment and working directory should support environment variables","invocations":1,"location":null,"numPassingAsserts":1,"retryReasons":[],"startAt":1752645690080,"status":"passed","title":"should support environment variables"},{"ancestorTitles":["USH Core Features","Environment and working directory"],"duration":4,"failing":false,"failureDetails":[],"failureMessages":[],"fullName":"USH Core Features Environment and working directory should chain configurations","invocations":1,"location":null,"numPassingAsserts":1,"retryReasons":[],"startAt":1752645690083,"status":"passed","title":"should chain configurations"},{"ancestorTitles":["USH Core Features","Adapter switching"],"duration":11,"failing":false,"failureDetails":[],"failureMessages":[],"fullName":"USH Core Features Adapter switching should support mock adapter","invocations":1,"location":null,"numPassingAsserts":1,"retryReasons":[],"startAt":1752645690088,"status":"passed","title":"should support mock adapter"},{"ancestorTitles":["USH Core Features","Adapter switching"],"duration":4,"failing":false,"failureDetails":[],"failureMessages":[],"fullName":"USH Core Features Adapter switching should support local adapter","invocations":1,"location":null,"numPassingAsserts":1,"retryReasons":[],"startAt":1752645690099,"status":"passed","title":"should support local adapter"},{"ancestorTitles":["USH Core Features","Error handling"],"duration":13,"failing":false,"failureDetails":[],"failureMessages":[],"fullName":"USH Core Features Error handling should handle command errors","invocations":1,"location":null,"numPassingAsserts":1,"retryReasons":[],"startAt":1752645690103,"status":"passed","title":"should handle command errors"},{"ancestorTitles":["USH Core Features","Error handling"],"duration":4,"failing":false,"failureDetails":[],"failureMessages":[],"fullName":"USH Core Features Error handling should capture stderr","invocations":1,"location":null,"numPassingAsserts":2,"retryReasons":[],"startAt":1752645690116,"status":"passed","title":"should capture stderr"},{"ancestorTitles":["USH Core Features","Shell configuration"],"duration":6,"failing":false,"failureDetails":[],"failureMessages":[],"fullName":"USH Core Features Shell configuration should use custom shell","invocations":1,"location":null,"numPassingAsserts":1,"retryReasons":[],"startAt":1752645690120,"status":"passed","title":"should use custom shell"},{"ancestorTitles":["USH Core Features","Shell configuration"],"duration":3,"failing":false,"failureDetails":[],"failureMessages":[],"fullName":"USH Core Features Shell configuration should disable shell","invocations":1,"location":null,"numPassingAsserts":1,"retryReasons":[],"startAt":1752645690127,"status":"passed","title":"should disable shell"},{"ancestorTitles":["Integration scenarios"],"duration":19,"failing":false,"failureDetails":[],"failureMessages":[],"fullName":"Integration scenarios should handle complex piping scenarios","invocations":1,"location":null,"numPassingAsserts":2,"retryReasons":[],"startAt":1752645690130,"status":"passed","title":"should handle complex piping scenarios"},{"ancestorTitles":["Integration scenarios"],"duration":22,"failing":false,"failureDetails":[],"failureMessages":[],"fullName":"Integration scenarios should work with different adapters in pipe","invocations":1,"location":null,"numPassingAsserts":1,"retryReasons":[],"startAt":1752645690149,"status":"passed","title":"should work with different adapters in pipe"}],"endTime":1752645690172,"message":"","name":"/Users/taaliman/projects/xec-sh/xec/packages/ush/test/core-features.test.ts","startTime":1752645687398,"status":"passed","summary":""},{"assertionResults":[{"ancestorTitles":["SSHAdapter","Availability"],"duration":1,"failing":false,"failureDetails":[],"failureMessages":[],"fullName":"SSHAdapter Availability should check if SSH is available based on ssh2 module","invocations":1,"location":null,"numPassingAsserts":1,"retryReasons":[],"startAt":1752645690159,"status":"passed","title":"should check if SSH is available based on ssh2 module"},{"ancestorTitles":["SSHAdapter","Basic command execution"],"duration":7,"failing":false,"failureDetails":[],"failureMessages":[],"fullName":"SSHAdapter Basic command execution should fail without SSH options","invocations":1,"location":null,"numPassingAsserts":1,"retryReasons":[],"startAt":1752645690160,"status":"passed","title":"should fail without SSH options"},{"ancestorTitles":["SSHAdapter","Basic command execution"],"duration":9,"failing":false,"failureDetails":[],"failureMessages":[],"fullName":"SSHAdapter Basic command execution should require valid SSH options","invocations":1,"location":null,"numPassingAsserts":1,"retryReasons":[],"startAt":1752645690167,"status":"passed","title":"should require valid SSH options"},{"ancestorTitles":["SSHAdapter","Configuration"],"duration":0,"failing":false,"failureDetails":[],"failureMessages":[],"fullName":"SSHAdapter Configuration should handle connection pool configuration","invocations":1,"location":null,"numPassingAsserts":1,"retryReasons":[],"startAt":1752645690176,"status":"passed","title":"should handle connection pool configuration"},{"ancestorTitles":["SSHAdapter","Configuration"],"duration":0,"failing":false,"failureDetails":[],"failureMessages":[],"fullName":"SSHAdapter Configuration should handle sudo configuration","invocations":1,"location":null,"numPassingAsserts":1,"retryReasons":[],"startAt":1752645690176,"status":"passed","title":"should handle sudo configuration"},{"ancestorTitles":["SSHAdapter","Configuration"],"duration":0,"failing":false,"failureDetails":[],"failureMessages":[],"fullName":"SSHAdapter Configuration should handle SFTP configuration","invocations":1,"location":null,"numPassingAsserts":1,"retryReasons":[],"startAt":1752645690176,"status":"passed","title":"should handle SFTP configuration"},{"ancestorTitles":["SSHAdapter","Configuration"],"duration":1,"failing":false,"failureDetails":[],"failureMessages":[],"fullName":"SSHAdapter Configuration should throw when SFTP is disabled and file operations are attempted","invocations":1,"location":null,"numPassingAsserts":1,"retryReasons":[],"startAt":1752645690176,"status":"passed","title":"should throw when SFTP is disabled and file operations are attempted"},{"ancestorTitles":["SSHAdapter","Cleanup"],"duration":0,"failing":false,"failureDetails":[],"failureMessages":[],"fullName":"SSHAdapter Cleanup should dispose without errors","invocations":1,"location":null,"numPassingAsserts":1,"retryReasons":[],"startAt":1752645690177,"stat
[...]
:null,"numPassingAsserts":2,"retryReasons":[],"startAt":1752645689660,"status":"passed","title":"creates directories with sftp properly"},{"ancestorTitles":["SSH Node Tests"],"duration":47,"failing":false,"failureDetails":[],"failureMessages":[],"fullName":"SSH Node Tests creates directories with exec properly","invocations":1,"location":null,"numPassingAsserts":2,"retryReasons":[],"startAt":1752645689692,"status":"passed","title":"creates directories with exec properly"},{"ancestorTitles":["SSH Node Tests"],"duration":32,"failing":false,"failureDetails":[],"failureMessages":[],"fullName":"SSH Node Tests throws error when it cant create directories","invocations":1,"location":null,"numPassingAsserts":1,"retryReasons":[],"startAt":1752645689739,"status":"passed","title":"throws error when it cant create directories"},{"ancestorTitles":["SSH Node Tests"],"duration":21,"failing":false,"failureDetails":[],"failureMessages":[],"fullName":"SSH Node Tests exec with correct escaped parameters","invocations":1,"location":null,"numPassingAsserts":1,"retryReasons":[],"startAt":1752645689771,"status":"passed","title":"exec with correct escaped parameters"},{"ancestorTitles":["SSH Node Tests"],"duration":16,"failing":false,"failureDetails":[],"failureMessages":[],"fullName":"SSH Node Tests exec with correct cwd","invocations":1,"location":null,"numPassingAsserts":1,"retryReasons":[],"startAt":1752645689792,"status":"passed","title":"exec with correct cwd"},{"ancestorTitles":["SSH Node Tests"],"duration":71,"failing":false,"failureDetails":[],"failureMessages":[],"fullName":"SSH Node Tests throws if stream is stdout and stuff is written to stderr","invocations":1,"location":null,"numPassingAsserts":1,"retryReasons":[],"startAt":1752645689808,"status":"passed","title":"throws if stream is stdout and stuff is written to stderr"},{"ancestorTitles":["SSH Node Tests"],"duration":50,"failing":false,"failureDetails":[],"failureMessages":[],"fullName":"SSH Node Tests does not throw if stream is stderr and is written to","invocations":1,"location":null,"numPassingAsserts":1,"retryReasons":[],"startAt":1752645689879,"status":"passed","title":"does not throw if stream is stderr and is written to"},{"ancestorTitles":["SSH Node Tests"],"duration":49,"failing":false,"failureDetails":[],"failureMessages":[],"fullName":"SSH Node Tests returns both streams if asked to","invocations":1,"location":null,"numPassingAsserts":2,"retryReasons":[],"startAt":1752645689929,"status":"passed","title":"returns both streams if asked to"},{"ancestorTitles":["SSH Node Tests"],"duration":49,"failing":false,"failureDetails":[],"failureMessages":[],"fullName":"SSH Node Tests writes to stdin properly","invocations":1,"location":null,"numPassingAsserts":1,"retryReasons":[],"startAt":1752645689978,"status":"passed","title":"writes to stdin properly"},{"ancestorTitles":["SSH Node Tests"],"duration":18,"failing":false,"failureDetails":[],"failureMessages":[],"fullName":"SSH Node Tests gets files properly","invocations":1,"location":null,"numPassingAsserts":3,"retryReasons":[],"startAt":1752645690027,"status":"passed","title":"gets files properly"},{"ancestorTitles":["SSH Node Tests"],"duration":18,"failing":false,"failureDetails":[],"failureMessages":[],"fullName":"SSH Node Tests puts files properly","invocations":1,"location":null,"numPassingAsserts":3,"retryReasons":[],"startAt":1752645690045,"status":"passed","title":"puts files properly"},{"ancestorTitles":["SSH Node Tests"],"duration":16,"failing":false,"failureDetails":[],"failureMessages":[],"fullName":"SSH Node Tests puts multiple files properly","invocations":1,"location":null,"numPassingAsserts":2,"retryReasons":[],"startAt":1752645690063,"status":"passed","title":"puts multiple files properly"},{"ancestorTitles":["SSH Node Tests"],"duration":20,"failing":false,"failureDetails":[],"failureMessages":[],"fullName":"SSH Node Tests puts entire directories at once","invocations":1,"location":null,"numPassingAsserts":29,"retryReasons":[],"startAt":1752645690079,"status":"passed","title":"puts entire directories at once"},{"ancestorTitles":["SSH Node Tests"],"duration":34,"failing":false,"failureDetails":[],"failureMessages":[],"fullName":"SSH Node Tests gets entire directories at once","invocations":1,"location":null,"numPassingAsserts":29,"retryReasons":[],"startAt":1752645690099,"status":"passed","title":"gets entire directories at once"},{"ancestorTitles":["SSH Node Tests"],"duration":37,"failing":false,"failureDetails":[],"failureMessages":[],"fullName":"SSH Node Tests allows stream callbacks on exec","invocations":1,"location":null,"numPassingAsserts":2,"retryReasons":[],"startAt":1752645690133,"status":"passed","title":"allows stream callbacks on exec"},{"ancestorTitles":["SSH Node Tests"],"duration":45,"failing":false,"failureDetails":[],"failureMessages":[],"fullName":"SSH Node Tests allows stream callbacks on execCommand","invocations":1,"location":null,"numPassingAsserts":2,"retryReasons":[],"startAt":1752645690170,"status":"passed","title":"allows stream callbacks on execCommand"},{"ancestorTitles":["SSH Node Tests"],"duration":6,"failing":false,"failureDetails":[],"failureMessages":[],"fullName":"SSH Node Tests forwards an outbound TCP/IP connection from client","invocations":1,"location":null,"numPassingAsserts":5,"retryReasons":[],"startAt":1752645690215,"status":"passed","title":"forwards an outbound TCP/IP connection from client"},{"ancestorTitles":["SSH Node Tests"],"duration":110,"failing":false,"failureDetails":[],"failureMessages":[],"fullName":"SSH Node Tests forwards an inbound TCP/IP connection to client","invocations":1,"location":null,"numPassingAsserts":12,"retryReasons":[],"startAt":1752645690221,"status":"passed","title":"forwards an inbound TCP/IP connection to client"},{"ancestorTitles":["SSH Node Tests"],"duration":6,"failing":false,"failureDetails":[],"failureMessages":[],"fullName":"SSH Node Tests forwards an outbound UNIX socket connection from client","invocations":1,"location":null,"numPassingAsserts":2,"retryReasons":[],"startAt":1752645690331,"status":"passed","title":"forwards an outbound UNIX socket connection from client"},{"ancestorTitles":["SSH Node Tests"],"duration":107,"failing":false,"failureDetails":[],"failureMessages":[],"fullName":"SSH Node Tests forwards an inbound UNIX socket connection to client","invocations":1,"location":null,"numPassingAsserts":6,"retryReasons":[],"startAt":1752645690337,"status":"passed","title":"forwards an inbound UNIX socket connection to client"},{"ancestorTitles":["SSH Node Tests"],"duration":109,"failing":false,"failureDetails":[],"failureMessages":[],"fullName":"SSH Node Tests forwards an inbound TCP/IP connection to client with automatically assigned port","invocations":1,"location":null,"numPassingAsserts":12,"retryReasons":[],"startAt":1752645690444,"status":"passed","title":"forwards an inbound TCP/IP connection to client with automatically assigned port"},{"ancestorTitles":["SSH Node Tests"],"duration":18,"failing":false,"failureDetails":[],"failureMessages":[],"fullName":"SSH Node Tests has a working noTrim option","invocations":1,"location":null,"numPassingAsserts":2,"retryReasons":[],"startAt":1752645690553,"status":"passed","title":"has a working noTrim option"}],"endTime":1752645690585,"message":"","name":"/Users/taaliman/projects/xec-sh/xec/packages/ush/test/unit/ssh/main.test.ts","startTime":1752645687380,"status":"focused","summary":""},{"assertionResults":[{"ancestorTitles":["Retry Mechanism","withRetry function"],"duration":305,"failing":false,"failureDetails":[],"failureMessages":[],"fullName":"Retry Mechanism withRetry function should retry on failure with default options","invocations":1,"location":null,"numPassingAsserts":2,"retryReasons":[],"startAt":1752645690032,"status":"passed","title":"should retry on failure with default options"},{"ancestorTitles":["Retry Mechanism","withRetry function"],"duration":312,"failing":false,"failureDetails":[],"failureMessages":[],"fullName":"Retry Mechanism withRetry function should respect maxAttempts","invocations":1,"location":null,"numPassingAsserts":2,"retryReasons":[],"startAt":1752645690337,"status":"passed","title":"should respect maxAttempts"},{"ancestorTitles":["Retry Mechanism","withRetry function"],"duration":3,"failing":false,"failureDetails":[],"failureMessages":[],"fullName":"Retry Mechanism withRetry function should apply exponential backoff","invocations":1,"location":null,"numPassingAsserts":4,"retryReasons":[],"startAt":1752645690649,"status":"passed","title":"should apply exponential backoff"},{"ancestorTitles":["Retry Mechanism","withRetry function"],"duration":121,"failing":false,"failureDetails":[],"failureMessages":[],"fullName":"Retry Mechanism withRetry function should check isRetryable function","invocations":1,"location":null,"numPassingAsserts":2,"retryReasons":[],"startAt":1752645690652,"status":"passed","title":"should check isRetryable function"},{"ancestorTitles":["Retry Mechanism","withRetry function"],"duration":5,"failing":false,"failureDetails":[],"failureMessages":[],"fullName":"Retry Mechanism withRetry function should call onRetry callback","invocations":1,"location":null,"numPassingAsserts":3,"retryReasons":[],"startAt":1752645690773,"status":"passed","title":"should call onRetry callback"},{"ancestorTitles":["Retry Mechanism","Command-level retry"],"duration":31,"failing":false,"failureDetails":[],"failureMessages":[],"fullName":"Retry Mechanism Command-level retry should retry command execution with retry options","invocations":1,"location":null,"numPassingAsserts":2,"retryReasons":[],"startAt":1752645690779,"status":"passed","title":"should retry command execution with retry options"},{"ancestorTitles":["Retry Mechanism","Command-level retry"],"duration":2,"failing":false,"failureDetails":[],"failureMessages":[],"fullName":"Retry Mechanism Command-level retry should not retry when retry is disabled","invocations":1,"location":null,"numPassingAsserts":2,"retryReasons":[],"startAt":1752645690810,"status":"passed","title":"should not retry when retry is disabled"},{"ancestorTitles":["Retry Mechanism","createRetryableAdapter"],"duration":14,"failing":false,"failureDetails":[],"failureMessages":[],"fullName":"Retry Mechanism createRetryableAdapter should create a retryable adapter proxy","invocations":1,"location":null,"numPassingAsserts":2,"retryReasons":[],"startAt":1752645690812,"status":"passed","title":"should create a retryable adapter proxy"},{"ancestorTitles":["Retry Mechanism","createRetryableAdapter"],"duration":33,"failing":false,"failureDetails":[],"failureMessages":[],"fullName":"Retry Mechanism createRetryableAdapter should use command retry options over default","invocations":1,"location":null,"numPassingAsserts":2,"retryReasons":[],"startAt":1752645690826,"status":"passed","title":"should use command retry options over default"},{"ancestorTitles":["Retry Mechanism","RetryError"],"duration":4,"failing":false,"failureDetails":[],"failureMessages":[],"fullName":"Retry Mechanism RetryError should contain all error information","invocations":1,"location":null,"numPassingAsserts":5,"retryReasons":[],"startAt":1752645690859,"status":"passed","title":"should contain all error information"},{"ancestorTitles":["Retry Mechanism","Default retryable errors"],"duration":17,"failing":false,"failureDetails":[],"failureMessages":[],"fullName":"Retry Mechanism Default retryable errors should retry on network errors by default","invocations":1,"location":null,"numPassingAsserts":20,"retryReasons":[],"startAt":1752645690864,"status":"passed","title":"should retry on network errors by default"},{"ancestorTitles":["Retry Mechanism","Default retryable errors"],"duration":2,"failing":false,"failureDetails":[],"failureMessages":[],"fullName":"Retry Mechanism Default retryable errors should not retry on non-network errors by default","invocations":1,"location":null,"numPassingAsserts":8,"retryReasons":[],"startAt":1752645690881,"status":"passed","title":"should not retry on non-network errors by default"}],"endTime":1752645690885,"message":"","name":"/Users/taaliman/projects/xec-sh/xec/packages/ush/test/unit/utils/retry.test.ts","startTime":1752645687367,"status":"passed","summary":""},{"assertionResults":[{"ancestorTitles":["ExecutionEngine","Initialization and configuration"],"duration":2,"failing":false,"failureDetails":[],"failureMessages":[],"fullName":"ExecutionEngine Initialization and configuration should create with default settings","invocations":1,"location":null,"numPassingAsserts":1,"retryReasons":[],"startAt":1752645690043,"status":"passed","title":"should create with default settings"},{"ancestorTitles":["ExecutionEngine","Initialization and configuration"],"duration":1,"failing":false,"failureDetails":[],"failureMessages":[],"fullName":"ExecutionEngine Initialization and configuration should accept custom configuration","invocations":1,"location":null,"numPassingAsserts":1,"retryReasons":[],"startAt":1752645690045,"status":"passed","title":"should accept custom configuration"},{"ancestorTitles":["ExecutionEngine","Initialization and configuration"],"duration":15,"failing":false,"failureDetails":[],"failureMessages":[],"fullName":"ExecutionEngine Initialization and configuration should validate configuration","invocations":1,"location":null,"numPassingAsserts":2,"retryReasons":[],"startAt":1752645690046,"status":"passed","title":"should validate configuration"},{"ancestorTitles":["ExecutionEngine","Adapter selection"],"duration":11,"failing":false,"failureDetails":[],"failureMessages":[],"fullName":"ExecutionEngine Adapter selection should use LocalAdapter by default","invocations":1,"location":null,"numPassingAsserts":1,"retryReasons":[],"startAt":1752645690061,"status":"passed","title":"should use LocalAdapter by default"},{"ancestorTitles":["ExecutionEngine","Adapter selection"],"duration":11,"failing":false,"failureDetails":[],"failureMessages":[],"fullName":"ExecutionEngine Adapter selection should select adapter based on command","invocations":1,"location":null,"numPassingAsserts":1,"retryReasons":[],"startAt":1752645690072,"status":"passed","title":"should select adapter based on command"},{"ancestorTitles":["ExecutionEngine","Template literal API"],"duration":11,"failing":false,"failureDetails":[],"failureMessages":[],"fullName":"ExecutionEngine Template literal API should parse simple commands correctly","invocations":1,"location":null,"numPassingAsserts":2,"retryReasons":[],"startAt":1752645690083,"status":"passed","title":"should parse simple commands correctly"},{"ancestorTitles":["ExecutionEngine","Template literal API"],"duration":12,"failing":false,"failureDetails":[],"failureMessages":[],"fullName":"ExecutionEngine Template literal API should interpolate and escape values correctly","invocations":1,"location":null,"numPassingAsserts":2,"retryReasons":[],"startAt":1752645690094,"status":"passed","title":"should interpolate and escape values correctly"},{"ancestorTitles":["ExecutionEngine","Template literal API"],"duration":11,"failing":false,"failureDetails":[],"failureMessages":[],"fullName":"ExecutionEngine Template literal API should support arrays in interpolation","invocations":1,"location":null,"numPassingAsserts":4,"retryReasons":[],"startAt":1752645690106,"status":"passed","title":"should support arrays in interpolation"},{"ancestorTitles":["ExecutionEngine","Error handling"],"duration":14,"failing":false,"failureDetails":[],"failureMessages":[],"fullName":"ExecutionEngine Error handling should throw error on non-zero exit code when throwOnNonZeroExit = true","invocations":1,"location":null,"numPassingAsserts":1,"retryReasons":[],"startAt":1752645690117,"status":"passed","title":"should throw error on non-zero exit code when throwOnNonZeroExit = true"},{"ancestorTitles":["ExecutionEngine","Error handling"],"duration":11,"failing":false,"failureDetails":[],"failureMessages":[],"fullName":"ExecutionEngine Error handling should not throw error on non-zero exit code when throwOnNonZeroExit = false","invocations":1,"location":null,"numPassingAsserts":2,"retryReasons":[],"startAt":1752645690131,"status":"passed","title":"should not throw error on non-zero exit code when throwOnNonZeroExit = false"},{"ancestorTitles":["ExecutionEngine","Error handling"],"duration":6002,"failing":false,"failureDetails":[],"failureMessages":[],"fullName":"ExecutionEngine Error handling should handle timeouts","invocations":1,"location":null,"numPassingAsserts":1,"retryReasons":[],"startAt":1752645690142,"status":"passed","title":"should handle timeouts"},{"ancestorTitles":["ExecutionEngine","Configuration chaining"],"duration":1,"failing":false,"failureDetails":[],"failureMessages":[],"fullName":"ExecutionEngine Configuration chaining should create new instance with changed config via with()","invocations":1,"location":null,"numPassingAsserts":2,"retryReasons":[],"startAt":1752645696144,"status":"passed","title":"should create new instance with changed config via with()"},{"ancestorTitles":["ExecutionEngine","Configuration chaining"],"duration":11,"failing":false,"failureDetails":[],"failureMessages":[],"fullName":"ExecutionEngine Configuration chaining should support multiple chains","invocations":1,"location":null,"numPassingAsserts":1,"retryReasons":[],"startAt":1752645696145,"status":"passed","title":"should support multiple chains"},{"ancestorTitles":["ExecutionEngine","Utility methods"],"duration":12,"failing":false,"failureDetails":[],"failureMessages":[],"fullName":"ExecutionEngine Utility methods should check command availability with which()","invocations":1,"location":null,"numPassingAsserts":1,"retryReasons":[],"startAt":1752645696156,"status":"passed","title":"should check command availability with which()"},{"ancestorTitles":["ExecutionEngine","Utility methods"],"duration":12,"failing":false,"failureDetails":[],"failureMessages":[],"fullName":"ExecutionEngine Utility methods should return null for unavailable commands","invocations":1,"location":null,"numPassingAsserts":1,"retryReasons":[],"startAt":1752645696168,"status":"passed","title":"should return null for unavailable commands"},{"ancestorTitles":["ExecutionEngine","Utility methods"],"duration":11,"failing":false,"failureDetails":[],"failureMessages":[],"fullName":"ExecutionEngine Utility methods should check command availability with isCommandAvailable()","invocations":1,"location":null,"numPassingAsserts":1,"retryReasons":[],"startAt":1752645696180,"status":"passed","title":"should check command availability with isCommandAvailable()"},{"ancestorTitles":["ExecutionEngine","Adapter management"],"duration":0,"failing":false,"failureDetails":[],"failureMessages":[],"fullName":"ExecutionEngine Adapter management should register custom adapters","invocations":1,"location":null,"numPassingAsserts":1,"retryReasons":[],"startAt":1752645696191,"status":"passed","title":"should register custom adapters"},{"ancestorTitles":["ExecutionEngine","Adapter management"],"duration":1,"failing":false,"failureDetails":[],"failureMessages":[],"fullName":"ExecutionEngine Adapter management should return undefined for non-existent adapters","invocations":1,"location":null,"numPassingAsserts":1,"retryReasons":[],"startAt":1752645696191,"status":"passed","title":"should return undefined for non-existent adapters"},{"ancestorTitles":["ExecutionEngine","run vs tag methods"],"duration":23,"failing":false,"failureDetails":[],"failureMessages":[],"fullName":"ExecutionEngine run vs tag methods should have tag as alias for run","invocations":1,"location":null,"numPassingAsserts":3,"retryReasons":[],"startAt":1752645696192,"status":"passed","title":"should have tag as alias for run"}],"endTime":1752645696216,"message":"","name":"/Users/taaliman/projects/xec-sh/xec/packages/ush/test/unit/core/execution-engine.test.ts","startTime":1752645687363,"status":"passed","summary":""}],"wasInterrupted":false}
